 
要开始，请键入 doc。
有关产品信息，请访问 www.mathworks.com。
 
正在使用 'Processes' 配置文件启动并行池(parpool)...
已连接到具有 8 个工作进程的并行池。

Testing_weight: 356000.pth 
For Test100 dataset PSNR: 31.206740 SSIM: 0.915801
For Rain100H dataset PSNR: 30.432978 SSIM: 0.888820
For Rain100L dataset PSNR: 38.066673 SSIM: 0.972953
For Test2800 dataset PSNR: 33.926358 SSIM: 0.940966
For Test1200 dataset PSNR: 33.591842 SSIM: 0.926929
For all datasets PSNR: 33.444918 SSIM: 0.929094

Testing_weight: 360000.pth 
For Test100 dataset PSNR: 31.112732 SSIM: 0.915180
For Rain100H dataset PSNR: 30.048518 SSIM: 0.885869
For Rain100L dataset PSNR: 38.055248 SSIM: 0.972726
For Test2800 dataset PSNR: 33.926816 SSIM: 0.940988
For Test1200 dataset PSNR: 33.575512 SSIM: 0.926715
For all datasets PSNR: 33.343765 SSIM: 0.928296

Testing_weight: 364000.pth 
For Test100 dataset PSNR: 31.099584 SSIM: 0.915158
For Rain100H dataset PSNR: 30.213369 SSIM: 0.888063
For Rain100L dataset PSNR: 37.971307 SSIM: 0.973467
For Test2800 dataset PSNR: 33.949381 SSIM: 0.941210
For Test1200 dataset PSNR: 33.132408 SSIM: 0.924429
For all datasets PSNR: 33.273210 SSIM: 0.928465

Testing_weight: 368000.pth 
For Test100 dataset PSNR: 31.177553 SSIM: 0.915298
For Rain100H dataset PSNR: 30.171692 SSIM: 0.886679
For Rain100L dataset PSNR: 37.929674 SSIM: 0.972299
For Test2800 dataset PSNR: 33.944425 SSIM: 0.941056
For Test1200 dataset PSNR: 33.160824 SSIM: 0.925630
For all datasets PSNR: 33.276834 SSIM: 0.928192

Testing_weight: 372000.pth 
For Test100 dataset PSNR: 31.265772 SSIM: 0.916297
For Rain100H dataset PSNR: 30.155252 SSIM: 0.887372
For Rain100L dataset PSNR: 37.847946 SSIM: 0.971901
For Test2800 dataset PSNR: 33.940757 SSIM: 0.941192
For Test1200 dataset PSNR: 33.196211 SSIM: 0.925307
For all datasets PSNR: 33.281188 SSIM: 0.928414

Testing_weight: 376000.pth 
For Test100 dataset PSNR: 31.215807 SSIM: 0.916091
For Rain100H dataset PSNR: 30.317294 SSIM: 0.888710
For Rain100L dataset PSNR: 37.849012 SSIM: 0.971521
For Test2800 dataset PSNR: 33.966150 SSIM: 0.941258
For Test1200 dataset PSNR: 33.399091 SSIM: 0.926166
For all datasets PSNR: 33.349471 SSIM: 0.928749

Testing_weight: 380000.pth 
For Test100 dataset PSNR: 31.348746 SSIM: 0.916808
For Rain100H dataset PSNR: 30.393104 SSIM: 0.888473
For Rain100L dataset PSNR: 37.892771 SSIM: 0.972056
For Test2800 dataset PSNR: 33.960003 SSIM: 0.941191
For Test1200 dataset PSNR: 33.390337 SSIM: 0.927143
For all datasets PSNR: 33.396992 SSIM: 0.929134

Testing_weight: 384000.pth 
For Test100 dataset PSNR: 31.368811 SSIM: 0.916762
For Rain100H dataset PSNR: 30.178193 SSIM: 0.887843
For Rain100L dataset PSNR: 37.927062 SSIM: 0.972358
For Test2800 dataset PSNR: 33.968433 SSIM: 0.941356
For Test1200 dataset PSNR: 33.388329 SSIM: 0.925764
For all datasets PSNR: 33.366166 SSIM: 0.928817

Testing_weight: 388000.pth 
For Test100 dataset PSNR: 31.319238 SSIM: 0.916527
For Rain100H dataset PSNR: 30.296387 SSIM: 0.888562
For Rain100L dataset PSNR: 37.897420 SSIM: 0.972193
For Test2800 dataset PSNR: 33.976614 SSIM: 0.941410
For Test1200 dataset PSNR: 33.428898 SSIM: 0.927397
For all datasets PSNR: 33.383711 SSIM: 0.929218

Testing_weight: 392000.pth 
For Test100 dataset PSNR: 31.319045 SSIM: 0.916817
For Rain100H dataset PSNR: 30.281556 SSIM: 0.886856
For Rain100L dataset PSNR: 37.828953 SSIM: 0.971876
For Test2800 dataset PSNR: 33.975554 SSIM: 0.941467
For Test1200 dataset PSNR: 33.515324 SSIM: 0.927116
For all datasets PSNR: 33.384086 SSIM: 0.928826

Testing_weight: 396000.pth 
For Test100 dataset PSNR: 31.421841 SSIM: 0.917032
For Rain100H dataset PSNR: 30.284907 SSIM: 0.887440
For Rain100L dataset PSNR: 37.864268 SSIM: 0.971784
For Test2800 dataset PSNR: 33.965577 SSIM: 0.941311
For Test1200 dataset PSNR: 33.673358 SSIM: 0.928624
For all datasets PSNR: 33.441990 SSIM: 0.929238

Testing_weight: 400000.pth 
For Test100 dataset PSNR: 31.297110 SSIM: 0.916585
For Rain100H dataset PSNR: 30.116536 SSIM: 0.886531
For Rain100L dataset PSNR: 38.047643 SSIM: 0.972977
For Test2800 dataset PSNR: 33.984784 SSIM: 0.941489
For Test1200 dataset PSNR: 33.314208 SSIM: 0.925656
For all datasets PSNR: 33.352056 SSIM: 0.928648

Testing_weight: 404000.pth 
For Test100 dataset PSNR: 31.335525 SSIM: 0.916952
For Rain100H dataset PSNR: 30.275246 SSIM: 0.888449
For Rain100L dataset PSNR: 38.122232 SSIM: 0.973375
For Test2800 dataset PSNR: 33.978849 SSIM: 0.941426
For Test1200 dataset PSNR: 33.472247 SSIM: 0.927441
For all datasets PSNR: 33.436820 SSIM: 0.929529

Testing_weight: 408000.pth 
For Test100 dataset PSNR: 31.359867 SSIM: 0.917304
For Rain100H dataset PSNR: 30.174877 SSIM: 0.887790
For Rain100L dataset PSNR: 37.978281 SSIM: 0.972852
For Test2800 dataset PSNR: 33.994861 SSIM: 0.941633
For Test1200 dataset PSNR: 33.432365 SSIM: 0.926875
For all datasets PSNR: 33.388050 SSIM: 0.929291

Testing_weight: 412000.pth 
For Test100 dataset PSNR: 31.386737 SSIM: 0.917488
For Rain100H dataset PSNR: 30.201939 SSIM: 0.887812
For Rain100L dataset PSNR: 38.033186 SSIM: 0.973103
For Test2800 dataset PSNR: 33.988982 SSIM: 0.941554
For Test1200 dataset PSNR: 33.491389 SSIM: 0.927350
For all datasets PSNR: 33.420447 SSIM: 0.929461

Testing_weight: 416000.pth 
For Test100 dataset PSNR: 31.315642 SSIM: 0.917120
For Rain100H dataset PSNR: 30.244468 SSIM: 0.887490
For Rain100L dataset PSNR: 38.014647 SSIM: 0.972850
For Test2800 dataset PSNR: 33.987408 SSIM: 0.941527
For Test1200 dataset PSNR: 33.543626 SSIM: 0.927912
For all datasets PSNR: 33.421158 SSIM: 0.929380

Testing_weight: 420000.pth 
For Test100 dataset PSNR: 31.327169 SSIM: 0.917388
For Rain100H dataset PSNR: 30.323029 SSIM: 0.888275
For Rain100L dataset PSNR: 37.958721 SSIM: 0.972681
For Test2800 dataset PSNR: 33.989793 SSIM: 0.941578
For Test1200 dataset PSNR: 33.592821 SSIM: 0.928291
For all datasets PSNR: 33.438307 SSIM: 0.929643

Testing_weight: 424000.pth 
For Test100 dataset PSNR: 31.394972 SSIM: 0.917518
For Rain100H dataset PSNR: 30.334783 SSIM: 0.888700
For Rain100L dataset PSNR: 38.026332 SSIM: 0.972911
For Test2800 dataset PSNR: 33.996596 SSIM: 0.941571
For Test1200 dataset PSNR: 33.450969 SSIM: 0.927623
For all datasets PSNR: 33.440730 SSIM: 0.929665

Testing_weight: 428000.pth 
For Test100 dataset PSNR: 31.378366 SSIM: 0.917594
For Rain100H dataset PSNR: 30.257620 SSIM: 0.888433
For Rain100L dataset PSNR: 37.983147 SSIM: 0.972931
For Test2800 dataset PSNR: 33.994954 SSIM: 0.941580
For Test1200 dataset PSNR: 33.454121 SSIM: 0.927579
For all datasets PSNR: 33.413642 SSIM: 0.929623

Testing_weight: 432000.pth 
For Test100 dataset PSNR: 31.317588 SSIM: 0.917462
For Rain100H dataset PSNR: 30.255217 SSIM: 0.887721
For Rain100L dataset PSNR: 37.967942 SSIM: 0.972806
For Test2800 dataset PSNR: 33.997363 SSIM: 0.941598
For Test1200 dataset PSNR: 33.507633 SSIM: 0.927732
For all datasets PSNR: 33.409149 SSIM: 0.929464

Testing_weight: 436000.pth 
For Test100 dataset PSNR: 31.409792 SSIM: 0.917679
For Rain100H dataset PSNR: 30.243600 SSIM: 0.887589
For Rain100L dataset PSNR: 38.014075 SSIM: 0.972815
For Test2800 dataset PSNR: 34.000315 SSIM: 0.941601
For Test1200 dataset PSNR: 33.467563 SSIM: 0.927717
For all datasets PSNR: 33.427069 SSIM: 0.929480

Testing_weight: 440000.pth 
For Test100 dataset PSNR: 31.387399 SSIM: 0.917531
For Rain100H dataset PSNR: 30.272776 SSIM: 0.887759
For Rain100L dataset PSNR: 38.029817 SSIM: 0.972844
For Test2800 dataset PSNR: 34.002835 SSIM: 0.941621
For Test1200 dataset PSNR: 33.536700 SSIM: 0.927927
For all datasets PSNR: 33.445905 SSIM: 0.929536

Testing_weight: 444000.pth 
For Test100 dataset PSNR: 31.398542 SSIM: 0.917556
For Rain100H dataset PSNR: 30.243541 SSIM: 0.887839
For Rain100L dataset PSNR: 38.028650 SSIM: 0.972903
For Test2800 dataset PSNR: 34.005889 SSIM: 0.941641
For Test1200 dataset PSNR: 33.493634 SSIM: 0.927738
For all datasets PSNR: 33.434051 SSIM: 0.929535

Testing_weight: 448000.pth 
For Test100 dataset PSNR: 31.397982 SSIM: 0.917583
For Rain100H dataset PSNR: 30.262354 SSIM: 0.887812
For Rain100L dataset PSNR: 38.000603 SSIM: 0.972778
For Test2800 dataset PSNR: 34.004831 SSIM: 0.941639
For Test1200 dataset PSNR: 33.514673 SSIM: 0.927732
For all datasets PSNR: 33.436089 SSIM: 0.929509

Testing_weight: 452000.pth 
For Test100 dataset PSNR: 31.372310 SSIM: 0.917579
For Rain100H dataset PSNR: 30.246834 SSIM: 0.887801
For Rain100L dataset PSNR: 37.995982 SSIM: 0.972723
For Test2800 dataset PSNR: 34.005588 SSIM: 0.941640
For Test1200 dataset PSNR: 33.515511 SSIM: 0.927831
For all datasets PSNR: 33.427245 SSIM: 0.929515

Testing_weight: 456000.pth 
For Test100 dataset PSNR: 31.380150 SSIM: 0.917551
For Rain100H dataset PSNR: 30.247375 SSIM: 0.887820
For Rain100L dataset PSNR: 38.001368 SSIM: 0.972820
For Test2800 dataset PSNR: 34.005903 SSIM: 0.941642
For Test1200 dataset PSNR: 33.500346 SSIM: 0.927778
For all datasets PSNR: 33.427029 SSIM: 0.929522
使用 'Processes' 配置文件的并行池正在关闭。
历时 2719.492141 秒。
